2022-07-23 16:42:19,657 [Worker-0: Loading available Gradle versions] INFO  o.e.b.c.i.u.g.PublishedGradleVersions - Gradle version information cache is up-to-date. Trying to read.
2022-07-23 16:50:19,519 [Worker-13: Creating project "PageObject"] INFO  o.e.m.c.i.l.LifecycleMappingFactory - Using org.eclipse.m2e.jdt.JarLifecycleMapping lifecycle mapping for MavenProject: rahulshetty:PageObject:0.0.1-SNAPSHOT @ C:\Users\csc\excel\PageObjectModel\PageObject\pom.xml.
2022-07-23 16:50:21,071 [Worker-13: Creating project "PageObject"] INFO  o.e.m.j.i.AbstractJavaProjectConfigurator - Not adding source folder /PageObject/src/main/java because it overlaps with /PageObject/src
2022-07-23 16:50:21,072 [Worker-13: Creating project "PageObject"] INFO  o.e.m.j.i.AbstractJavaProjectConfigurator - Adding resource folder /PageObject/src/main/resources
2022-07-23 16:50:21,084 [Worker-13: Creating project "PageObject"] INFO  o.e.m.j.i.AbstractJavaProjectConfigurator - Not adding source folder /PageObject/src/test/java because it overlaps with /PageObject/src
2022-07-23 16:50:21,084 [Worker-13: Creating project "PageObject"] INFO  o.e.m.j.i.AbstractJavaProjectConfigurator - Adding resource folder /PageObject/src/test/resources
2022-07-23 16:50:21,794 [Worker-12: Building] WARN  o.e.m.c.i.embedder.EclipseLogger - Using platform encoding (Cp1252 actually) to copy filtered resources, i.e. build is platform dependent!
2022-07-23 16:50:21,822 [Worker-12: Building] INFO  o.e.m.c.i.embedder.EclipseLogger - Copying 0 resource
2022-07-23 16:50:21,830 [Worker-12: Building] WARN  o.e.m.c.i.embedder.EclipseLogger - Using platform encoding (Cp1252 actually) to copy filtered resources, i.e. build is platform dependent!
2022-07-23 16:50:21,833 [Worker-12: Building] INFO  o.e.m.c.i.embedder.EclipseLogger - Copying 0 resource
2022-07-23 16:54:40,457 [Worker-14: Creating project "PageObject"] INFO  o.e.m.c.i.l.LifecycleMappingFactory - Using org.eclipse.m2e.jdt.JarLifecycleMapping lifecycle mapping for MavenProject: rahulshetty:PageObject:0.0.1-SNAPSHOT @ C:\Users\csc\excel\PageObjectModel\PageObject\pom.xml.
2022-07-23 16:54:41,317 [Worker-14: Creating project "PageObject"] INFO  o.e.m.j.i.AbstractJavaProjectConfigurator - Adding source folder /PageObject/src/main/java
2022-07-23 16:54:41,318 [Worker-14: Creating project "PageObject"] INFO  o.e.m.j.i.AbstractJavaProjectConfigurator - Adding resource folder /PageObject/src/main/resources
2022-07-23 16:54:41,320 [Worker-14: Creating project "PageObject"] INFO  o.e.m.j.i.AbstractJavaProjectConfigurator - Adding source folder /PageObject/src/test/java
2022-07-23 16:54:41,320 [Worker-14: Creating project "PageObject"] INFO  o.e.m.j.i.AbstractJavaProjectConfigurator - Adding resource folder /PageObject/src/test/resources
2022-07-23 16:54:42,593 [Worker-10: Building] WARN  o.e.m.c.i.embedder.EclipseLogger - Using platform encoding (Cp1252 actually) to copy filtered resources, i.e. build is platform dependent!
2022-07-23 16:54:42,636 [Worker-10: Building] INFO  o.e.m.c.i.embedder.EclipseLogger - Copying 0 resource
2022-07-23 16:54:42,640 [Worker-10: Building] WARN  o.e.m.c.i.embedder.EclipseLogger - Using platform encoding (Cp1252 actually) to copy filtered resources, i.e. build is platform dependent!
2022-07-23 16:54:42,643 [Worker-10: Building] INFO  o.e.m.c.i.embedder.EclipseLogger - Copying 0 resource
2022-07-23 17:00:37,705 [Worker-14: Building] INFO  o.e.m.c.i.l.LifecycleMappingFactory - Using org.eclipse.m2e.jdt.JarLifecycleMapping lifecycle mapping for MavenProject: rahulshetty:PageObject:0.0.1-SNAPSHOT @ C:\Users\csc\excel\PageObjectModel\PageObject\pom.xml.
2022-07-23 17:00:52,017 [Worker-14: Building] WARN  o.e.m.c.i.embedder.EclipseLogger - Using platform encoding (Cp1252 actually) to copy filtered resources, i.e. build is platform dependent!
2022-07-23 17:00:52,022 [Worker-14: Building] INFO  o.e.m.c.i.embedder.EclipseLogger - Copying 0 resource
2022-07-23 17:00:52,030 [Worker-14: Building] WARN  o.e.m.c.i.embedder.EclipseLogger - Using platform encoding (Cp1252 actually) to copy filtered resources, i.e. build is platform dependent!
2022-07-23 17:00:52,033 [Worker-14: Building] INFO  o.e.m.c.i.embedder.EclipseLogger - Copying 0 resource
2022-07-23 17:02:10,487 [Worker-16: Building] WARN  o.e.m.c.i.embedder.EclipseLogger - Using platform encoding (Cp1252 actually) to copy filtered resources, i.e. build is platform dependent!
2022-07-23 17:02:10,553 [Worker-16: Building] INFO  o.e.m.c.i.embedder.EclipseLogger - Copying 0 resource
2022-07-23 17:02:10,556 [Worker-16: Building] WARN  o.e.m.c.i.embedder.EclipseLogger - Using platform encoding (Cp1252 actually) to copy filtered resources, i.e. build is platform dependent!
2022-07-23 17:02:10,562 [Worker-16: Building] INFO  o.e.m.c.i.embedder.EclipseLogger - Copying 0 resource
2022-07-23 17:02:24,646 [Worker-15: Building] WARN  o.e.m.c.i.embedder.EclipseLogger - Using platform encoding (Cp1252 actually) to copy filtered resources, i.e. build is platform dependent!
2022-07-23 17:02:24,649 [Worker-15: Building] INFO  o.e.m.c.i.embedder.EclipseLogger - Copying 0 resource
2022-07-23 17:02:24,652 [Worker-15: Building] WARN  o.e.m.c.i.embedder.EclipseLogger - Using platform encoding (Cp1252 actually) to copy filtered resources, i.e. build is platform dependent!
2022-07-23 17:02:24,667 [Worker-15: Building] INFO  o.e.m.c.i.embedder.EclipseLogger - Copying 0 resource
2022-07-23 17:02:58,610 [Worker-14: Building] WARN  o.e.m.c.i.embedder.EclipseLogger - Using platform encoding (Cp1252 actually) to copy filtered resources, i.e. build is platform dependent!
2022-07-23 17:02:58,613 [Worker-14: Building] INFO  o.e.m.c.i.embedder.EclipseLogger - Copying 0 resource
2022-07-23 17:02:58,615 [Worker-14: Building] WARN  o.e.m.c.i.embedder.EclipseLogger - Using platform encoding (Cp1252 actually) to copy filtered resources, i.e. build is platform dependent!
2022-07-23 17:02:58,618 [Worker-14: Building] INFO  o.e.m.c.i.embedder.EclipseLogger - Copying 0 resource
2022-07-23 17:03:00,161 [Worker-18: Building] WARN  o.e.m.c.i.embedder.EclipseLogger - Using platform encoding (Cp1252 actually) to copy filtered resources, i.e. build is platform dependent!
2022-07-23 17:03:00,194 [Worker-18: Building] INFO  o.e.m.c.i.embedder.EclipseLogger - Copying 0 resource
2022-07-23 17:03:00,198 [Worker-18: Building] WARN  o.e.m.c.i.embedder.EclipseLogger - Using platform encoding (Cp1252 actually) to copy filtered resources, i.e. build is platform dependent!
2022-07-23 17:03:00,202 [Worker-18: Building] INFO  o.e.m.c.i.embedder.EclipseLogger - Copying 0 resource
2022-07-23 17:13:34,646 [Worker-15: Building] WARN  o.e.m.c.i.embedder.EclipseLogger - Using platform encoding (Cp1252 actually) to copy filtered resources, i.e. build is platform dependent!
2022-07-23 17:13:34,743 [Worker-15: Building] INFO  o.e.m.c.i.embedder.EclipseLogger - Copying 0 resource
2022-07-23 17:13:34,774 [Worker-15: Building] WARN  o.e.m.c.i.embedder.EclipseLogger - Using platform encoding (Cp1252 actually) to copy filtered resources, i.e. build is platform dependent!
2022-07-23 17:13:34,777 [Worker-15: Building] INFO  o.e.m.c.i.embedder.EclipseLogger - Copying 0 resource
2022-07-23 17:23:25,546 [Worker-15: Building] WARN  o.e.m.c.i.embedder.EclipseLogger - Using platform encoding (Cp1252 actually) to copy filtered resources, i.e. build is platform dependent!
2022-07-23 17:23:25,605 [Worker-15: Building] INFO  o.e.m.c.i.embedder.EclipseLogger - Copying 0 resource
2022-07-23 17:23:25,610 [Worker-15: Building] WARN  o.e.m.c.i.embedder.EclipseLogger - Using platform encoding (Cp1252 actually) to copy filtered resources, i.e. build is platform dependent!
2022-07-23 17:23:25,612 [Worker-15: Building] INFO  o.e.m.c.i.embedder.EclipseLogger - Copying 0 resource
2022-07-23 17:48:17,636 [Worker-27: Launching LoginApplication] WARN  o.e.m.c.i.embedder.EclipseLogger - Using platform encoding (Cp1252 actually) to copy filtered resources, i.e. build is platform dependent!
2022-07-23 17:48:17,663 [Worker-27: Launching LoginApplication] INFO  o.e.m.c.i.embedder.EclipseLogger - Copying 0 resource
2022-07-23 17:48:17,670 [Worker-27: Launching LoginApplication] WARN  o.e.m.c.i.embedder.EclipseLogger - Using platform encoding (Cp1252 actually) to copy filtered resources, i.e. build is platform dependent!
2022-07-23 17:48:17,672 [Worker-27: Launching LoginApplication] INFO  o.e.m.c.i.embedder.EclipseLogger - Copying 0 resource
2022-07-23 17:50:05,819 [Worker-26: Launching LoginApplication] WARN  o.e.m.c.i.embedder.EclipseLogger - Using platform encoding (Cp1252 actually) to copy filtered resources, i.e. build is platform dependent!
2022-07-23 17:50:05,823 [Worker-26: Launching LoginApplication] INFO  o.e.m.c.i.embedder.EclipseLogger - Copying 0 resource
2022-07-23 17:50:05,826 [Worker-26: Launching LoginApplication] WARN  o.e.m.c.i.embedder.EclipseLogger - Using platform encoding (Cp1252 actually) to copy filtered resources, i.e. build is platform dependent!
2022-07-23 17:50:05,829 [Worker-26: Launching LoginApplication] INFO  o.e.m.c.i.embedder.EclipseLogger - Copying 0 resource
2022-07-23 22:43:20,646 [Worker-36: Building] WARN  o.e.m.c.i.embedder.EclipseLogger - Using platform encoding (Cp1252 actually) to copy filtered resources, i.e. build is platform dependent!
2022-07-23 22:43:21,570 [Worker-36: Building] INFO  o.e.m.c.i.embedder.EclipseLogger - Copying 0 resource
2022-07-23 22:43:21,574 [Worker-36: Building] WARN  o.e.m.c.i.embedder.EclipseLogger - Using platform encoding (Cp1252 actually) to copy filtered resources, i.e. build is platform dependent!
2022-07-23 22:43:21,575 [Worker-36: Building] INFO  o.e.m.c.i.embedder.EclipseLogger - Copying 0 resource
2022-07-23 23:00:49,976 [Worker-36: Launching LoginApplication] WARN  o.e.m.c.i.embedder.EclipseLogger - Using platform encoding (Cp1252 actually) to copy filtered resources, i.e. build is platform dependent!
2022-07-23 23:00:50,253 [Worker-36: Launching LoginApplication] INFO  o.e.m.c.i.embedder.EclipseLogger - Copying 0 resource
2022-07-23 23:00:50,255 [Worker-36: Launching LoginApplication] WARN  o.e.m.c.i.embedder.EclipseLogger - Using platform encoding (Cp1252 actually) to copy filtered resources, i.e. build is platform dependent!
2022-07-23 23:00:50,258 [Worker-36: Launching LoginApplication] INFO  o.e.m.c.i.embedder.EclipseLogger - Copying 0 resource
2022-07-23 23:09:46,973 [Worker-46: Building] WARN  o.e.m.c.i.embedder.EclipseLogger - Using platform encoding (Cp1252 actually) to copy filtered resources, i.e. build is platform dependent!
2022-07-23 23:09:47,020 [Worker-46: Building] INFO  o.e.m.c.i.embedder.EclipseLogger - Copying 0 resource
2022-07-23 23:09:47,891 [Worker-46: Building] WARN  o.e.m.c.i.embedder.EclipseLogger - Using platform encoding (Cp1252 actually) to copy filtered resources, i.e. build is platform dependent!
2022-07-23 23:09:47,893 [Worker-46: Building] INFO  o.e.m.c.i.embedder.EclipseLogger - Copying 0 resource
2022-07-24 13:19:09,821 [Worker-46: Building] WARN  o.e.m.c.i.embedder.EclipseLogger - Using platform encoding (Cp1252 actually) to copy filtered resources, i.e. build is platform dependent!
2022-07-24 13:19:09,943 [Worker-46: Building] INFO  o.e.m.c.i.embedder.EclipseLogger - Copying 0 resource
2022-07-24 13:19:10,026 [Worker-46: Building] WARN  o.e.m.c.i.embedder.EclipseLogger - Using platform encoding (Cp1252 actually) to copy filtered resources, i.e. build is platform dependent!
2022-07-24 13:19:10,030 [Worker-46: Building] INFO  o.e.m.c.i.embedder.EclipseLogger - Copying 0 resource
2022-07-24 16:55:25,178 [Worker-2: Loading available Gradle versions] INFO  o.e.b.c.i.u.g.PublishedGradleVersions - Gradle version information cache is out-of-date. Trying to update.
2022-07-30 12:08:41,675 [Worker-3: Loading available Gradle versions] INFO  o.e.b.c.i.u.g.PublishedGradleVersions - Gradle version information cache is up-to-date. Trying to read.
2022-08-14 12:42:37,756 [Worker-3: Loading available Gradle versions] INFO  o.e.b.c.i.u.g.PublishedGradleVersions - Gradle version information cache is up-to-date. Trying to read.
2022-08-14 12:56:54,929 [Worker-2: Loading available Gradle versions] INFO  o.e.b.c.i.u.g.PublishedGradleVersions - Gradle version information cache is up-to-date. Trying to read.
